\BOOKMARK [1][-]{section.1}{Wstep.}{}% 1
\BOOKMARK [1][-]{section.2}{URL i HTTP.}{}% 2
\BOOKMARK [2][-]{subsection.2.1}{URI}{section.2}% 3
\BOOKMARK [2][-]{subsection.2.2}{Protok\363\233 HTTP}{section.2}% 4
\BOOKMARK [3][-]{subsubsection.2.2.1}{Metody bezpieczne i dempotentne.}{subsection.2.2}% 5
\BOOKMARK [3][-]{subsubsection.2.2.2}{Nag\233\363wki.}{subsection.2.2}% 6
\BOOKMARK [1][-]{section.3}{HTML.}{}% 7
\BOOKMARK [2][-]{subsection.3.1}{HTTP - HyperText Markup Language.}{section.3}% 8
\BOOKMARK [1][-]{section.4}{CSS.}{}% 9
\BOOKMARK [2][-]{subsubsection.4.0.1}{Selektory}{section.4}% 10
\BOOKMARK [2][-]{subsection.4.1}{Box Model}{section.4}% 11
\BOOKMARK [2][-]{subsection.4.2}{Dodatki}{section.4}% 12
\BOOKMARK [1][-]{section.5}{Javascript}{}% 13
\BOOKMARK [2][-]{subsection.5.1}{DOM i BOM}{section.5}% 14
\BOOKMARK [1][-]{section.6}{React.}{}% 15
\BOOKMARK [1][-]{section.7}{Node.js}{}% 16
\BOOKMARK [2][-]{subsubsection.7.0.1}{NPM - Node Package Manager.}{section.7}% 17
\BOOKMARK [1][-]{section.8}{ExpressJS}{}% 18
\BOOKMARK [2][-]{subsection.8.1}{CommonJS}{section.8}% 19
\BOOKMARK [2][-]{subsection.8.2}{Express.JS}{section.8}% 20
\BOOKMARK [3][-]{subsubsection.8.2.1}{Model MVC \(Model-View-Controller\)}{subsection.8.2}% 21
\BOOKMARK [2][-]{subsection.8.3}{Szablony}{section.8}% 22
\BOOKMARK [1][-]{section.9}{Zarzadzanie sesjami w aplikacjach webowych}{}% 23
\BOOKMARK [2][-]{subsection.9.1}{Autentykacja uzytkownika}{section.9}% 24
\BOOKMARK [1][-]{section.10}{Komunikacja Frontend-Backend}{}% 25
\BOOKMARK [2][-]{subsection.10.1}{AJAX}{section.10}% 26
\BOOKMARK [2][-]{subsection.10.2}{REST}{section.10}% 27
\BOOKMARK [2][-]{subsection.10.3}{SOAP}{section.10}% 28
\BOOKMARK [1][-]{section.11}{Spring vs JEE}{}% 29
\BOOKMARK [2][-]{subsection.11.1}{JEE}{section.11}% 30
\BOOKMARK [2][-]{subsection.11.2}{Spring}{section.11}% 31
\BOOKMARK [1][-]{section.12}{Bezpieczenstwo}{}% 32
\BOOKMARK [2][-]{subsection.12.1}{OWASP Top 10 Application Security Risks 2017}{section.12}% 33
\BOOKMARK [2][-]{subsection.12.2}{SQL Injection}{section.12}% 34
\BOOKMARK [2][-]{subsection.12.3}{Cross-Site Scripting \(XSS\)}{section.12}% 35
\BOOKMARK [2][-]{subsection.12.4}{Session hijacking}{section.12}% 36
\BOOKMARK [2][-]{subsection.12.5}{Session Fixation}{section.12}% 37
\BOOKMARK [2][-]{subsection.12.6}{Cross-Site Request Forgery}{section.12}% 38
